2015  76  0   1.2   6.6  5.53 20     4
2015  76  1   0.4   6.5  4.66 20     3
2015  76  2  -1.5   3.1  4.17 20     3
2015  76  3  -2.8   4.1  5.43 47     2
2015  76  4  -0.6   8.9  5.13 47    13
2015  76  5  -1.9  20.1 15.42 47    45
2015  76  6 -12.7  -6.4 16.69 57    25
2015  76  7  -7.5  -5.6 14.26 57   -18
2015  76  8  -5.7 -16.4 12.31 57   -54
2015  76  9 -14.7  -4.8 15.21 53   -83
2015  76 10 -12.2   9.0 14.07 53   -75
2015  76 11   3.2   9.3 17.99 53   -54
2015  76 12  21.4 -10.0 12.24 77   -55
2015  76 13  23.1 -11.0 17.45 77   -75
2015  76 14  22.3 -18.6 15.58 77   -93
2015  76 15   3.1 -17.7 18.24 77  -118
2015  76 16   5.0 -16.0 10.71 77  -143
2015  76 17   8.3 -17.2 13.74 77  -162
2015  76 18  15.5 -13.7  9.42 73  -154
2015  76 19   5.7 -13.0  6.64 73  -177
2015  76 20   1.7 -15.4  5.47 73  -182
2015  76 21   1.4 -17.3  4.81 77  -198
2015  76 22  -2.1 -16.5  4.98 77  -234
2015  76 23 -10.4 -15.9  3.62 77  -225
