2023 114  0 -20.1   3.0 10.07 67  -147
2023 114  1  -2.4  -8.2  8.88 67  -146
2023 114  2  -2.5 -32.4  2.18 67  -179
2023 114  3  -9.1 -30.9  2.48 80  -199
2023 114  4 -16.7 -28.0  3.12 80  -209
2023 114  5 -18.0 -26.6  1.89 80  -213
2023 114  6 -24.4 -19.2  2.39 70  -208
2023 114  7 -25.2 -15.8  1.28 70  -180
2023 114  8 -25.0 -17.7  1.02 70  -161
2023 114  9 -27.9 -14.1  1.11 57  -157
2023 114 10 -30.2  -6.0  1.08 57  -148
2023 114 11 -29.8  -1.0  1.03 57  -125
2023 114 12 -28.3   1.7  0.62 37  -118
2023 114 13 -26.5   7.5  0.24 37  -118
2023 114 14 -24.4   9.4  0.44 37  -112
2023 114 15 -19.3   7.8  1.02 30   -99
2023 114 16  -1.2  22.5  0.62 30   -96
2023 114 17  -2.9  20.8  0.70 30   -89
2023 114 18  -2.0  19.7  0.50 23   -84
2023 114 19  -4.2  17.7  1.27 23   -73
2023 114 20  -9.3  14.7  0.87 23   -74
2023 114 21  -7.8  13.2  1.07 30   -71
2023 114 22  -2.5  10.5  2.71 30   -59
2023 114 23   4.2  10.2  1.50 30   -56
