2025   1  0  10.1  -1.0  6.66 40   -24
2025   1  1   8.1  -3.2  6.07 40   -28
2025   1  2   4.2  -2.9  7.77 40   -28
2025   1  3  17.4  -1.1  7.46 53   -27
2025   1  4   7.2  -8.3 13.76 53   -20
2025   1  5  -6.5  -8.5 15.27 53   -32
2025   1  6 -10.2   4.2 10.43 50   -39
2025   1  7 -12.3   9.3 14.45 50   -28
2025   1  8  -3.2  -2.8 21.32 50   -22
2025   1  9  -7.5 -12.3 18.39 60   -50
2025   1 10 -14.8 -11.9  7.14 60   -76
2025   1 11  -9.7 -17.1 12.79 60   -77
2025   1 12  -8.1 -20.8 18.77 67  -117
2025   1 13  -7.3 -20.5 16.77 67  -156
2025   1 14  -0.1 -21.0  9.43 67  -197
2025   1 15   3.2 -20.5  5.23 80  -210
2025   1 16   6.7 -21.5  3.98 80  -210
2025   1 17  -8.8  -7.3 18.59 80  -188
2025   1 18 -14.7   2.3 22.14 63  -154
2025   1 19 -12.5  -0.4 22.64 63  -133
2025   1 20 -11.6  -2.0 18.45 63  -130
2025   1 21 -11.4  -1.6 10.34 40  -145
2025   1 22  -9.7   1.7  6.46 40  -145
2025   1 23  -5.4   3.5  4.71 40  -135
